/usr/lib/python2.7/dist-packages/pkg_resources.py:1031: UserWarning: /home/suber/.python-eggs is writable by group/others and vulnerable to attack when used with get_resource_filename. Consider a more secure location (set with .set_extraction_path or the PYTHON_EGG_CACHE environment variable).
  warnings.warn(msg, UserWarning)
... loading data
... building the model
... training
batch 1, error=4.379909
batch 1069, error=4.696677
batch 2137, error=4.458133
   epoch 1, error=4.251541
batch 1, validation error:
batch 268, validation error:
batch 535, validation error:
epoch 1, validation error: 0.101357
[ 0.05014933  0.06400707  0.07427517  0.07660536  0.0796569   0.08175458
  0.08338492  0.08641453  0.09019565  0.09402328  0.09757962  0.10022748
  0.10211033  0.10290801  0.10317975  0.10434263  0.10550083  0.10654905
  0.10751516  0.10824335  0.1080078   0.10861093  0.1088423   0.10955124
  0.11053474  0.11040616  0.11077608  0.1119798   0.11254825  0.11278517
  0.11219761  0.11280122  0.11231484  0.11330343  0.11391719  0.11394661
  0.11391011  0.11342224  0.11277909  0.11304016]
batch 1, error=3.464619
batch 1069, error=3.684979
batch 2137, error=3.605625
   epoch 2, error=3.544193
batch 1, validation error:
batch 268, validation error:
batch 535, validation error:
epoch 2, validation error: 0.103931
[ 0.04028384  0.05792094  0.06561884  0.07186148  0.07557935  0.07906982
  0.08279669  0.0866333   0.09091888  0.09562342  0.09974825  0.10288276
  0.10597242  0.10686359  0.10703699  0.10817551  0.10971794  0.11114929
  0.11265693  0.11346408  0.11404895  0.11397135  0.11396702  0.11469684
  0.11536332  0.11613546  0.11685571  0.11777018  0.11811684  0.11772713
  0.117664    0.11763144  0.11671653  0.11712848  0.11756903  0.11731416
  0.11783416  0.11740933  0.11799654  0.1173375 ]
batch 1, error=3.138210
batch 1069, error=3.354121
batch 2137, error=3.296768
   epoch 3, error=3.256387
batch 1, validation error:
batch 268, validation error:
batch 535, validation error:
epoch 3, validation error: 0.101671
[ 0.03407836  0.05252976  0.06549455  0.07060336  0.07490537  0.07886918
  0.08258327  0.08674233  0.09172584  0.09613922  0.09966017  0.10183661
  0.10406399  0.10495475  0.10506444  0.1063944   0.10772566  0.10915452
  0.11013167  0.11074463  0.11094683  0.11102796  0.11159806  0.11162262
  0.11276764  0.11323681  0.11370811  0.11439919  0.11494906  0.11474305
  0.11476294  0.11471123  0.11401907  0.11443116  0.11457923  0.11411016
  0.11422972  0.11401965  0.11464968  0.11493804]
batch 1, error=2.981683
batch 1069, error=3.142633
batch 2137, error=3.094253
   epoch 4, error=3.064424
batch 1, validation error:
batch 268, validation error:
batch 535, validation error:
epoch 4, validation error: 0.100506
[ 0.03382308  0.05266061  0.06505539  0.07074118  0.07539596  0.07984302
  0.08378338  0.08793176  0.0924399   0.09635527  0.0995378   0.1017858
  0.10405304  0.10479128  0.10456223  0.10529534  0.10595564  0.10699556
  0.10817088  0.10908321  0.10932676  0.10883615  0.10890021  0.10931082
  0.11038057  0.11117204  0.11182951  0.11250604  0.11274453  0.11260172
  0.11289256  0.11263163  0.1123371   0.11233485  0.11238445  0.11191539
  0.1121115   0.1120953   0.112574    0.1131025 ]
batch 1, error=2.808733
batch 1069, error=2.987568
batch 2137, error=2.941797
   epoch 5, error=2.916155
batch 1, validation error:
batch 268, validation error:
batch 535, validation error:
epoch 5, validation error: 0.098938
[ 0.03346267  0.05208721  0.06341069  0.06981268  0.07542159  0.08001192
  0.08352891  0.0875871   0.09193075  0.09583578  0.0989271   0.10135849
  0.1035526   0.10413354  0.10373204  0.10396101  0.10405948  0.10492459
  0.10602269  0.10704875  0.10764723  0.1076217   0.10767167  0.1080031
  0.10888266  0.10926539  0.10946285  0.10998781  0.11016975  0.1099404
  0.11014371  0.10971726  0.10936688  0.10928395  0.10964882  0.10965555
  0.11005227  0.10971801  0.11002685  0.11043504]
batch 1, error=2.609026
batch 1069, error=2.849589
batch 2137, error=2.809039
   epoch 6, error=2.788026
batch 1, validation error:
batch 268, validation error:
batch 535, validation error:
epoch 6, validation error: 0.098173
[ 0.03397661  0.05239807  0.06355798  0.07053848  0.07647943  0.08064932
  0.08350739  0.08713736  0.0910579   0.0946772   0.09764168  0.09984657
  0.10141984  0.10213146  0.1022744   0.10291601  0.10331311  0.10420251
  0.10491417  0.10544387  0.10606756  0.10652535  0.10663006  0.10722852
  0.10820289  0.10825614  0.10840251  0.10868207  0.10897063  0.10897252
  0.10916017  0.10877683  0.10861693  0.10866219  0.10906123  0.10926432
  0.10943397  0.10908064  0.1093215   0.10951968]
batch 1, error=2.476261
batch 1069, error=2.738914
batch 2137, error=2.702261
   epoch 7, error=2.685126
batch 1, validation error:
batch 268, validation error:
batch 535, validation error:
epoch 7, validation error: 0.098698
[ 0.03540275  0.05315255  0.06354543  0.07127018  0.07704059  0.08072636
  0.08328805  0.08692933  0.09059517  0.09404587  0.09694689  0.09921525
  0.10098854  0.10200036  0.10210511  0.10286678  0.10363173  0.10459147
  0.10542656  0.10611296  0.10695416  0.10747515  0.10742239  0.10812354
  0.10900126  0.10886011  0.10914142  0.10931972  0.10950049  0.10947455
  0.10975592  0.10979999  0.10992085  0.1100077   0.11061531  0.11080967
  0.11074354  0.11036267  0.11041134  0.11033374]
batch 1, error=2.386854
batch 1069, error=2.647652
batch 2137, error=2.613959
   epoch 8, error=2.598516
batch 1, validation error:
batch 268, validation error:
batch 535, validation error:
epoch 8, validation error: 0.099470
[ 0.03608784  0.052954    0.06413147  0.07176497  0.07699234  0.08056048
  0.0833509   0.08704048  0.0906007   0.09414827  0.09720811  0.0996054
  0.10140751  0.10235818  0.10254467  0.10336467  0.10424841  0.10533545
  0.10625947  0.10685818  0.10768391  0.1083127   0.10832646  0.10907281
  0.11019477  0.11007994  0.11037035  0.11046585  0.11065767  0.1106639
  0.11088251  0.11100447  0.11127068  0.11137387  0.11180435  0.11193559
  0.11195546  0.11175047  0.11198196  0.11219074]
batch 1, error=2.263160
batch 1069, error=2.570589
batch 2137, error=2.539640
   epoch 9, error=2.525975
batch 1, validation error:
batch 268, validation error:
batch 535, validation error:
epoch 9, validation error: 0.098697
[ 0.03607609  0.05229156  0.06465994  0.07257649  0.07741283  0.08080906
  0.08365434  0.08727021  0.09082479  0.09428153  0.09719288  0.09929264
  0.10089808  0.10138556  0.10145381  0.10228693  0.10336202  0.10471868
  0.105621    0.10602785  0.10645872  0.10692326  0.10695004  0.10758942
  0.10857538  0.10880406  0.1092215   0.10929843  0.10953642  0.10958484
  0.1097227   0.10978609  0.11001901  0.1099285   0.11026032  0.1105186
  0.11060923  0.11046319  0.11059163  0.11093023]
batch 1, error=2.186957
batch 1069, error=2.502899
batch 2137, error=2.473219
   epoch 10, error=2.460561
batch 1, validation error:
batch 268, validation error:
batch 535, validation error:
epoch 10, validation error: 0.098308
[ 0.03616534  0.05167668  0.06469121  0.07236427  0.07748016  0.08088509
  0.08375766  0.08711333  0.09065687  0.094018    0.09665423  0.09859525
  0.10002766  0.1006061   0.10081708  0.10147286  0.10253382  0.10411166
  0.10504972  0.1055035   0.10587293  0.10640655  0.10653208  0.10715614
  0.10808741  0.10851558  0.10883096  0.10904412  0.10926466  0.10928584
  0.10957813  0.10964534  0.10979568  0.10966868  0.1097913   0.10998578
  0.11004458  0.11005038  0.11014092  0.11042736]
batch 1, error=2.137531
batch 1069, error=2.442337
batch 2137, error=2.414198
   epoch 11, error=2.402676
batch 1, validation error:
batch 268, validation error:
batch 535, validation error:
epoch 11, validation error: 0.098363
[ 0.03569181  0.05130928  0.06461364  0.07193955  0.07721221  0.0807725
  0.08373179  0.08698385  0.09051604  0.09390997  0.09658792  0.09860417
  0.10008024  0.1005337   0.10085364  0.10150068  0.10278745  0.10433047
  0.10528973  0.10576472  0.10616093  0.1067674   0.10689732  0.10756899
  0.10839258  0.10881741  0.10909317  0.10917619  0.10942785  0.10950252
  0.10973325  0.1097977   0.10994032  0.10981074  0.10988259  0.10999113
  0.11003627  0.11010697  0.11011258  0.11028004]
batch 1, error=2.085864
batch 1069, error=2.388151
batch 2137, error=2.360666
   epoch 12, error=2.350495
batch 1, validation error:
batch 268, validation error:
batch 535, validation error:
epoch 12, validation error: 0.098380
[ 0.03583823  0.05110397  0.0645139   0.07174714  0.07697716  0.08059466
  0.08363985  0.08696206  0.0905284   0.09393167  0.09663244  0.09860104
  0.10011315  0.10062527  0.10098393  0.10163469  0.10305993  0.10454846
  0.10544464  0.10589706  0.10632628  0.10691155  0.107131    0.10760155
  0.10829911  0.10868983  0.1090363   0.10924874  0.10956109  0.10966683
  0.10981297  0.10979161  0.10988678  0.10981066  0.10996139  0.11004832
  0.1099849   0.109993    0.10998558  0.11005508]
batch 1, error=2.039040
batch 1069, error=2.336992
batch 2137, error=2.309411
   epoch 13, error=2.300400
batch 1, validation error:
batch 268, validation error:
batch 535, validation error:
epoch 13, validation error: 0.097791
[ 0.03598364  0.05114594  0.06426544  0.07176382  0.07701262  0.08064122
  0.08366068  0.08690253  0.09057211  0.09405229  0.0966708   0.09841914
  0.09967626  0.10010533  0.10049158  0.10118822  0.10252739  0.10376158
  0.10464515  0.10493438  0.10528719  0.10575303  0.10603008  0.10639033
  0.10709476  0.10758946  0.10805285  0.10832968  0.10857491  0.10881805
  0.10895994  0.10878289  0.10891943  0.10902738  0.10922535  0.10931697
  0.10922039  0.10926891  0.10933133  0.10926513]
batch 1, error=1.994290
batch 1069, error=2.289815
batch 2137, error=2.261833
   epoch 14, error=2.253416
batch 1, validation error:
batch 268, validation error:
batch 535, validation error:
epoch 14, validation error: 0.097712
[ 0.03584109  0.05115689  0.06409344  0.0720158   0.07732935  0.08110977
  0.08426493  0.08745883  0.09109368  0.09443457  0.09687489  0.09862312
  0.09974001  0.10011925  0.100435    0.10120256  0.10229392  0.10318184
  0.10405546  0.10433663  0.10483775  0.1053798   0.1057407   0.10602134
  0.10682304  0.10731295  0.1077332   0.10809416  0.10822508  0.10832888
  0.10856357  0.10859526  0.10880598  0.1089666   0.10915688  0.10921792
  0.1091776   0.10923441  0.10935212  0.10926475]
batch 1, error=1.971393
batch 1069, error=2.244378
batch 2137, error=2.217013
   epoch 15, error=2.209295
batch 1, validation error:
batch 268, validation error:
batch 535, validation error:
epoch 15, validation error: 0.097531
[ 0.03628384  0.05134769  0.06406429  0.0723533   0.07766529  0.08148412
  0.08463214  0.08779937  0.09142544  0.09461479  0.09698059  0.09877664
  0.09979689  0.10014258  0.10032438  0.10122383  0.10207853  0.1027027
  0.1035189   0.10383376  0.1042745   0.10480241  0.10500664  0.10525317
  0.10610884  0.10670044  0.10701369  0.10750905  0.10763299  0.10774791
  0.10812952  0.10832249  0.1086144   0.10876577  0.10895753  0.10900588
  0.10892992  0.10905102  0.10918195  0.1091658 ]
batch 1, error=1.978372
batch 1069, error=2.200822
batch 2137, error=2.173636
   epoch 16, error=2.165840
batch 1, validation error:
batch 268, validation error:
batch 535, validation error:
epoch 16, validation error: 0.097928
[ 0.03626097  0.0516136   0.06401399  0.07267134  0.07795521  0.08176787
  0.08487482  0.0881741   0.09190479  0.09518626  0.09760239  0.09952248
  0.10050187  0.10074975  0.100923    0.10168745  0.10251462  0.10309433
  0.10383448  0.10427088  0.10458563  0.10503207  0.10524543  0.10551848
  0.1063519   0.10695908  0.10741793  0.10785849  0.1079492   0.10802405
  0.10853972  0.10869773  0.10898291  0.10918701  0.10945208  0.10944746
  0.10948126  0.10963887  0.10972731  0.10988608]
batch 1, error=1.937480
batch 1069, error=2.157104
batch 2137, error=2.131636
   epoch 17, error=2.124625
batch 1, validation error:
batch 268, validation error:
batch 535, validation error:
epoch 17, validation error: 0.098648
[ 0.03620691  0.05154571  0.06387544  0.07273959  0.07816958  0.08203583
  0.08519463  0.08867768  0.09254768  0.09596468  0.09845344  0.10041372
  0.10145283  0.10157797  0.10173187  0.10244867  0.10314845  0.10381605
  0.10453717  0.1051034   0.10537001  0.10574029  0.10611666  0.106423
  0.10722667  0.10793229  0.10844089  0.10880454  0.10875028  0.108855
  0.10938814  0.10949843  0.10990895  0.11006742  0.1103752   0.11037575
  0.11051623  0.11069222  0.11074723  0.11104393]
batch 1, error=1.881992
batch 1069, error=2.118226
batch 2137, error=2.094071
   epoch 18, error=2.087709
batch 1, validation error:
batch 268, validation error:
batch 535, validation error:
epoch 18, validation error: 0.098824
[ 0.03642542  0.0515224   0.06355026  0.07238787  0.07794263  0.08185932
  0.0851775   0.0889728   0.09289817  0.0961971   0.09878527  0.10084701
  0.10193744  0.10199782  0.10220587  0.10294079  0.10356765  0.10435808
  0.10510634  0.1056656   0.10591267  0.10627697  0.10671922  0.10695247
  0.10776462  0.10836723  0.1087261   0.10890301  0.10879017  0.10886253
  0.10930979  0.10925802  0.10960228  0.10978654  0.11018208  0.11025675
  0.11044787  0.11065003  0.11078087  0.11107125]
batch 1, error=1.811703
batch 1069, error=2.085443
batch 2137, error=2.062111
   epoch 19, error=2.055978
batch 1, validation error:
batch 268, validation error:
batch 535, validation error:
epoch 19, validation error: 0.098838
[ 0.03649448  0.05172952  0.06343543  0.07218467  0.07773346  0.08169154
  0.08509938  0.08903633  0.09304556  0.09629916  0.09890016  0.10090407
  0.101861    0.10181382  0.1020688   0.10272377  0.10349312  0.10444275
  0.10522626  0.10576109  0.10596583  0.10645291  0.10679791  0.10699832
  0.10791772  0.10838892  0.10871666  0.10889007  0.10868689  0.108795
  0.10921397  0.10914491  0.10946228  0.10976948  0.11016945  0.11038557
  0.11062613  0.11091283  0.11104909  0.11124386]
batch 1, error=1.754492
batch 1069, error=2.055041
batch 2137, error=2.031918
   epoch 20, error=2.026577
batch 1, validation error:
batch 268, validation error:
batch 535, validation error:
epoch 20, validation error: 0.099085
[ 0.03663133  0.05185299  0.06351236  0.07228992  0.07783182  0.0817467
  0.08520542  0.08909024  0.09308846  0.09656206  0.09914454  0.10107443
  0.1019969   0.10201363  0.10228824  0.10288535  0.10359897  0.10464041
  0.10547817  0.10595974  0.10615259  0.10669842  0.10688153  0.10712885
  0.10804252  0.10848583  0.1088873   0.10912021  0.10896678  0.10911181
  0.10951675  0.10946275  0.10984723  0.11035984  0.11080957  0.1110156
  0.11120978  0.11149133  0.11159547  0.11172757]
model saved at /data/pm25data/model/DetachValidModel20150901.pkl.gz
